<?xml version="1.0" encoding="UTF-8"?>
<!-- Generated by org.testng.reporters.JUnitReportReporter -->
<testsuite hostname="MCS-PC" failures="0" tests="1" name="selenium.D1" time="6.832" errors="0" timestamp="27 Dec 2018 10:03:18 GMT" skipped="0">
  <testcase classname="selenium.D1" name="testUntitled6" time="6.832"/>
</testsuite> <!-- selenium.D1 -->
