<?xml version="1.0" encoding="UTF-8"?>
<!-- Generated by org.testng.reporters.JUnitReportReporter -->
<testsuite hostname="MCS-PC" failures="0" tests="1" name="selenium.SRadio" time="5.074" errors="0" timestamp="28 Dec 2018 10:02:03 GMT" skipped="0">
  <testcase classname="selenium.SRadio" name="testUntitled6" time="5.074"/>
</testsuite> <!-- selenium.SRadio -->
