<?xml version="1.0" encoding="UTF-8"?>
<!-- Generated by org.testng.reporters.JUnitReportReporter -->
<testsuite hostname="MCS-PC" failures="0" tests="1" name="selenium.se" time="10.550" errors="0" timestamp="27 Dec 2018 09:43:23 GMT" skipped="0">
  <testcase classname="selenium.se" name="testUntitled" time="10.550"/>
</testsuite> <!-- selenium.se -->
