<?xml version="1.0" encoding="UTF-8"?>
<!-- Generated by org.testng.reporters.JUnitReportReporter -->
<testsuite hostname="MCS-PC" failures="0" tests="1" name="selenium.Xpathidname" time="1.992" errors="0" timestamp="28 Dec 2018 07:30:00 GMT" skipped="0">
  <testcase classname="selenium.Xpathidname" name="testUntitled10" time="1.992"/>
</testsuite> <!-- selenium.Xpathidname -->
