<?xml version="1.0" encoding="UTF-8"?>
<!-- Generated by org.testng.reporters.JUnitReportReporter -->
<testsuite hostname="MCS-PC" failures="0" tests="1" name="selenium.Demo3" time="9.567" errors="0" timestamp="31 Dec 2018 05:57:04 GMT" skipped="0">
  <testcase classname="selenium.Demo3" name="testUntitled" time="9.567"/>
</testsuite> <!-- selenium.Demo3 -->
