<?xml version="1.0" encoding="UTF-8"?>
<!-- Generated by org.testng.reporters.JUnitReportReporter -->
<testsuite hostname="MCS-PC" failures="0" tests="1" name="selenium.Sdem" time="5.086" errors="0" timestamp="28 Dec 2018 08:19:35 GMT" skipped="0">
  <testcase classname="selenium.Sdem" name="testUntitled10" time="5.086"/>
</testsuite> <!-- selenium.Sdem -->
