<?xml version="1.0" encoding="UTF-8"?>
<!-- Generated by org.testng.reporters.JUnitReportReporter -->
<testsuite hostname="MCS-PC" failures="0" tests="1" name="selenium.Sele3" time="7.037" errors="0" timestamp="27 Dec 2018 09:43:23 GMT" skipped="0">
  <testcase classname="selenium.Sele3" name="testUntitled3" time="7.037"/>
</testsuite> <!-- selenium.Sele3 -->
