<?xml version="1.0" encoding="UTF-8"?>
<!-- Generated by org.testng.reporters.JUnitReportReporter -->
<testsuite hostname="MCS-PC" failures="0" tests="1" name="selenium.Se22" time="3.198" errors="0" timestamp="28 Dec 2018 09:11:03 GMT" skipped="0">
  <testcase classname="selenium.Se22" name="testUntitled6" time="3.198"/>
</testsuite> <!-- selenium.Se22 -->
