<?xml version="1.0" encoding="UTF-8"?>
<!-- Generated by org.testng.reporters.JUnitReportReporter -->
<testsuite hostname="MCS-PC" failures="0" tests="1" name="selenium.Sele5" time="44.476" errors="0" timestamp="27 Dec 2018 09:43:23 GMT" skipped="0">
  <testcase classname="selenium.Sele5" name="testUntitled4" time="44.476"/>
</testsuite> <!-- selenium.Sele5 -->
