<?xml version="1.0" encoding="UTF-8"?>
<!-- Generated by org.testng.reporters.JUnitReportReporter -->
<testsuite hostname="MCS-PC" failures="0" tests="1" name="selenium.SD2" time="1.134" errors="0" timestamp="27 Dec 2018 10:36:48 GMT" skipped="0">
  <testcase classname="selenium.SD2" name="testUntitled10" time="1.134"/>
</testsuite> <!-- selenium.SD2 -->
