<?xml version="1.0" encoding="UTF-8"?>
<!-- Generated by org.testng.reporters.JUnitReportReporter -->
<testsuite hostname="MCS-PC" failures="0" tests="1" name="selenium.LocatorsDemo" time="7.646" errors="0" timestamp="02 Jan 2019 11:38:51 GMT" skipped="0">
  <testcase classname="selenium.LocatorsDemo" name="testUntitled2" time="7.646"/>
</testsuite> <!-- selenium.LocatorsDemo -->
