<?xml version="1.0" encoding="UTF-8"?>
<!-- Generated by org.testng.reporters.JUnitReportReporter -->
<testsuite hostname="MCS-PC" failures="0" tests="1" name="selenium.DropDown" time="6.817" errors="0" timestamp="03 Jan 2019 12:28:04 GMT" skipped="0">
  <testcase classname="selenium.DropDown" name="testUntitled11" time="6.817"/>
</testsuite> <!-- selenium.DropDown -->
