<?xml version="1.0" encoding="UTF-8"?>
<!-- Generated by org.testng.reporters.JUnitReportReporter -->
<testsuite hostname="MCS-PC" failures="0" tests="5" name="framework.All5TEst" time="64.326" errors="0" timestamp="30 Jan 2019 05:43:39 GMT" skipped="0">
  <testcase classname="framework.All5TEst" name="demo5" time="11.862"/>
  <testcase classname="framework.All5TEst" name="demo3" time="13.880"/>
  <testcase classname="framework.All5TEst" name="demo" time="13.338"/>
  <testcase classname="framework.All5TEst" name="demo2" time="12.696"/>
  <testcase classname="framework.All5TEst" name="demo4" time="12.550"/>
</testsuite> <!-- framework.All5TEst -->
