<?xml version="1.0" encoding="UTF-8"?>
<!-- Generated by org.testng.reporters.JUnitReportReporter -->
<testsuite hostname="MCS-PC" failures="0" tests="1" name="testngdata.LoginTest" time="0.000" errors="0" timestamp="23 Apr 2019 16:40:01 GMT" skipped="1">
  <testcase classname="testngdata.LoginTest" name="loginTest" time="0.000">
    <skipped/>
  </testcase> <!-- loginTest -->
</testsuite> <!-- testngdata.LoginTest -->
