<?xml version="1.0" encoding="UTF-8"?>
<!-- Generated by org.testng.reporters.JUnitReportReporter -->
<testsuite hostname="MCS-PC" failures="0" tests="1" name="miscellaneous.Date" time="6.460" errors="0" timestamp="11 Feb 2019 07:56:56 GMT" skipped="0">
  <testcase classname="miscellaneous.Date" name="Nikhill" time="6.460"/>
</testsuite> <!-- miscellaneous.Date -->
