<?xml version="1.0" encoding="UTF-8"?>
<!-- Generated by org.testng.reporters.JUnitReportReporter -->
<testsuite hostname="MCS-PC" failures="0" tests="1" name="miscellaneous.Hardassertion" time="0.022" errors="0" timestamp="09 Jan 2019 10:13:22 GMT" skipped="0">
  <testcase classname="miscellaneous.Hardassertion" name="test_UsingHardAssertion" time="0.022"/>
</testsuite> <!-- miscellaneous.Hardassertion -->
