<?xml version="1.0" encoding="UTF-8"?>
<!-- Generated by org.testng.reporters.JUnitReportReporter -->
<testsuite hostname="MCS-PC" failures="0" tests="1" name="com.erp.ErpDemo" time="53.668" errors="0" timestamp="28 Nov 2019 18:23:20 GMT" skipped="0">
  <testcase classname="com.erp.ErpDemo" name="demo" time="53.668"/>
</testsuite> <!-- com.erp.ErpDemo -->
