<?xml version="1.0" encoding="UTF-8"?>
<!-- Generated by org.testng.reporters.JUnitReportReporter -->
<testsuite hostname="MCS-PC" failures="0" tests="1" name="com.erp.NewTest11" time="2.330" errors="0" timestamp="11 Apr 2019 17:39:16 GMT" skipped="0">
  <testcase classname="com.erp.NewTest11" name="f" time="2.330"/>
</testsuite> <!-- com.erp.NewTest11 -->
