<?xml version="1.0" encoding="UTF-8"?>
<!-- Generated by org.testng.reporters.JUnitReportReporter -->
<testsuite hostname="MCS-PC" failures="0" tests="1" name="udemy.PropertiesTest" time="0.006" errors="0" timestamp="23 Nov 2019 20:06:01 GMT" skipped="0">
  <testcase classname="udemy.PropertiesTest" name="f" time="0.006"/>
</testsuite> <!-- udemy.PropertiesTest -->
