<?xml version="1.0" encoding="UTF-8"?>
<!-- Generated by org.testng.reporters.JUnitReportReporter -->
<testsuite hostname="MCS-PC" failures="0" tests="5" name="testNG.WoutPriorityy" time="0.057" errors="0" timestamp="29 Jan 2019 10:01:25 GMT" skipped="0">
  <testcase classname="testNG.WoutPriorityy" name="bmethod" time="0.004"/>
  <testcase classname="testNG.WoutPriorityy" name="d_method" time="0.005"/>
  <testcase classname="testNG.WoutPriorityy" name="emethod" time="0.004"/>
  <testcase classname="testNG.WoutPriorityy" name="amethod" time="0.031"/>
  <testcase classname="testNG.WoutPriorityy" name="cmethod" time="0.013"/>
</testsuite> <!-- testNG.WoutPriorityy -->
