<?xml version="1.0" encoding="UTF-8"?>
<!-- Generated by org.testng.reporters.JUnitReportReporter -->
<testsuite hostname="MCS-PC" failures="0" tests="5" name="testNG.Priority" time="0.062" errors="0" timestamp="28 Jan 2019 14:14:58 GMT" skipped="0">
  <testcase classname="testNG.Priority" name="method" time="0.016"/>
  <testcase classname="testNG.Priority" name="amethod" time="0.046"/>
  <testcase classname="testNG.Priority" name="cmethod" time="0.000"/>
  <testcase classname="testNG.Priority" name="emethod" time="0.000"/>
  <testcase classname="testNG.Priority" name="bmethod" time="0.000"/>
</testsuite> <!-- testNG.Priority -->
