<?xml version="1.0" encoding="UTF-8"?>
<!-- Generated by org.testng.reporters.JUnitReportReporter -->
<testsuite hostname="MCS-PC" failures="0" tests="1" name="miscellaneous.Screeshot2" time="16.745" errors="0" timestamp="04 Feb 2019 07:35:11 GMT" skipped="0">
  <testcase classname="miscellaneous.Screeshot2" name="nikhil" time="16.745"/>
</testsuite> <!-- miscellaneous.Screeshot2 -->
