<?xml version="1.0" encoding="UTF-8"?>
<!-- Generated by org.testng.reporters.JUnitReportReporter -->
<testsuite hostname="MCS-PC" failures="0" tests="5" name="testNG.Innvocation" time="0.024" errors="0" timestamp="28 Jan 2019 13:21:45 GMT" skipped="0">
  <testcase classname="testNG.Innvocation" name="runMultipleTimes" time="0.001"/>
  <testcase classname="testNG.Innvocation" name="runMultipleTimes" time="0.002"/>
  <testcase classname="testNG.Innvocation" name="runMultipleTimes" time="0.016"/>
  <testcase classname="testNG.Innvocation" name="runMultipleTimes" time="0.003"/>
  <testcase classname="testNG.Innvocation" name="runMultipleTimes" time="0.002"/>
</testsuite> <!-- testNG.Innvocation -->
