<?xml version="1.0" encoding="UTF-8"?>
<!-- Generated by org.testng.reporters.JUnitReportReporter -->
<testsuite hostname="MCS-PC" failures="0" tests="1" name="selenium.Test1" time="5.418" errors="0" timestamp="28 Dec 2018 10:51:39 GMT" skipped="0">
  <testcase classname="selenium.Test1" name="testUntitled7" time="5.418"/>
</testsuite> <!-- selenium.Test1 -->
