<?xml version="1.0" encoding="UTF-8"?>
<!-- Generated by org.testng.reporters.JUnitReportReporter -->
<testsuite hostname="MCS-PC" failures="0" tests="2" name="practice.Innova" time="0.026" errors="0" timestamp="10 Apr 2019 18:13:13 GMT" skipped="0">
  <testcase classname="practice.Innova" name="multiple" time="0.024"/>
  <testcase classname="practice.Innova" name="multiple" time="0.002"/>
</testsuite> <!-- practice.Innova -->
