<?xml version="1.0" encoding="UTF-8"?>
<!-- Generated by org.testng.reporters.JUnitReportReporter -->
<testsuite hostname="MCS-PC" failures="0" tests="1" name="QA2.Signinpage" time="13.628" errors="0" timestamp="11 Feb 2019 07:16:17 GMT" skipped="0">
  <testcase classname="QA2.Signinpage" name="demo" time="13.628"/>
</testsuite> <!-- QA2.Signinpage -->
