<?xml version="1.0" encoding="UTF-8"?>
<!-- Generated by org.testng.reporters.JUnitReportReporter -->
<testsuite hostname="MCS-PC" failures="0" tests="2" name="testNG.Demo22" time="0.035" errors="0" timestamp="31 Jan 2019 06:19:25 GMT" skipped="0">
  <testcase classname="testNG.Demo22" name="testCase2" time="0.033"/>
  <testcase classname="testNG.Demo22" name="testCase1" time="0.002"/>
</testsuite> <!-- testNG.Demo22 -->
