<?xml version="1.0" encoding="UTF-8"?>
<!-- Generated by org.testng.reporters.JUnitReportReporter -->
<testsuite hostname="MCS-PC" failures="0" tests="2" name="framework.AllAnnotations" time="21.929" errors="0" timestamp="30 Jan 2019 07:17:09 GMT" skipped="0">
  <testcase classname="framework.AllAnnotations" name="demo5" time="10.529"/>
  <testcase classname="framework.AllAnnotations" name="demo4" time="11.400"/>
</testsuite> <!-- framework.AllAnnotations -->
