<?xml version="1.0" encoding="UTF-8"?>
<!-- Generated by org.testng.reporters.JUnitReportReporter -->
<testsuite hostname="MCS-PC" failures="0" tests="1" name="miscellaneous.Screenshot11" time="15.340" errors="0" timestamp="08 Jan 2019 06:53:03 GMT" skipped="0">
  <testcase classname="miscellaneous.Screenshot11" name="testGuru99TakeScreenShot" time="15.340"/>
</testsuite> <!-- miscellaneous.Screenshot11 -->
