<?xml version="1.0" encoding="UTF-8"?>
<!-- Generated by org.testng.reporters.JUnitReportReporter -->
<testsuite hostname="MCS-PC" failures="0" tests="1" name="selenium.Link" time="16.469" errors="0" timestamp="29 Dec 2018 06:56:06 GMT" skipped="0">
  <testcase classname="selenium.Link" name="testUntitled3" time="16.469"/>
</testsuite> <!-- selenium.Link -->
