<?xml version="1.0" encoding="UTF-8"?>
<!-- Generated by org.testng.reporters.JUnitReportReporter -->
<testsuite hostname="MCS-PC" failures="0" tests="1" name="QA2.Login04" time="1.310" errors="0" timestamp="11 Feb 2019 07:28:37 GMT" skipped="0">
  <testcase classname="QA2.Login04" name="demo" time="1.310"/>
</testsuite> <!-- QA2.Login04 -->
