<?xml version="1.0" encoding="UTF-8"?>
<!-- Generated by org.testng.reporters.JUnitReportReporter -->
<testsuite hostname="MCS-PC" failures="0" tests="2" name="com.erp.NewTest24" time="4.696" errors="0" timestamp="15 Apr 2019 16:03:59 GMT" skipped="0">
  <testcase classname="com.erp.NewTest24" name="f" time="0.778"/>
  <testcase classname="com.erp.NewTest24" name="login" time="3.918"/>
</testsuite> <!-- com.erp.NewTest24 -->
