<?xml version="1.0" encoding="UTF-8"?>
<!-- Generated by org.testng.reporters.JUnitReportReporter -->
<testsuite hostname="MCS-PC" failures="0" tests="1" name="selenium.Linkk" time="13.352" errors="0" timestamp="02 Jan 2019 08:13:59 GMT" skipped="0">
  <testcase classname="selenium.Linkk" name="testUntitled" time="13.352"/>
</testsuite> <!-- selenium.Linkk -->
