<?xml version="1.0" encoding="UTF-8"?>
<!-- Generated by org.testng.reporters.JUnitReportReporter -->
<testsuite hostname="MCS-PC" failures="0" tests="2" name="testNG.Demo" time="0.010" errors="0" timestamp="31 Jan 2019 06:19:25 GMT" skipped="0">
  <testcase classname="testNG.Demo" name="testCase1" time="0.007"/>
  <testcase classname="testNG.Demo" name="testCase2" time="0.003"/>
</testsuite> <!-- testNG.Demo -->
