<?xml version="1.0" encoding="UTF-8"?>
<!-- Generated by org.testng.reporters.JUnitReportReporter -->
<testsuite hostname="MCS-PC" failures="0" tests="1" name="practice.Screen2" time="12.875" errors="0" timestamp="04 Feb 2019 07:49:30 GMT" skipped="0">
  <testcase classname="practice.Screen2" name="demo" time="12.875"/>
</testsuite> <!-- practice.Screen2 -->
