<?xml version="1.0" encoding="UTF-8"?>
<!-- Generated by org.testng.reporters.JUnitReportReporter -->
<testsuite hostname="MCS-PC" failures="0" tests="1" name="practice.Screenn" time="7.544" errors="0" timestamp="07 Feb 2019 07:17:03 GMT" skipped="0">
  <testcase classname="practice.Screenn" name="Demo" time="7.544"/>
</testsuite> <!-- practice.Screenn -->
