<?xml version="1.0" encoding="UTF-8"?>
<!-- Generated by org.testng.reporters.JUnitReportReporter -->
<testsuite hostname="MCS-PC" failures="0" tests="1" name="QA2.Fb" time="7.708" errors="0" timestamp="10 Apr 2019 17:47:41 GMT" skipped="0">
  <testcase classname="QA2.Fb" name="demo" time="7.708"/>
</testsuite> <!-- QA2.Fb -->
