<?xml version="1.0" encoding="UTF-8"?>
<!-- Generated by org.testng.reporters.JUnitReportReporter -->
<testsuite hostname="MCS-PC" failures="0" tests="1" name="QA2.Login02" time="8.863" errors="0" timestamp="10 Apr 2019 15:22:58 GMT" skipped="0">
  <testcase classname="QA2.Login02" name="demo" time="8.863"/>
</testsuite> <!-- QA2.Login02 -->
