<?xml version="1.0" encoding="UTF-8"?>
<!-- Generated by org.testng.reporters.JUnitReportReporter -->
<testsuite hostname="MCS-PC" failures="0" tests="1" name="QA2.Login03$Login02" time="6.527" errors="0" timestamp="11 Feb 2019 07:20:25 GMT" skipped="0">
  <testcase classname="QA2.Login03$Login02" name="demo" time="6.527"/>
</testsuite> <!-- QA2.Login03$Login02 -->
