<?xml version="1.0" encoding="UTF-8"?>
<!-- Generated by org.testng.reporters.JUnitReportReporter -->
<testsuite hostname="MCS-PC" failures="0" tests="1" name="miscellaneous.Datee" time="10.621" errors="0" timestamp="09 Jan 2019 06:57:56 GMT" skipped="0">
  <testcase classname="miscellaneous.Datee" name="dateTimePicker" time="10.621"/>
</testsuite> <!-- miscellaneous.Datee -->
