<?xml version="1.0" encoding="UTF-8"?>
<!-- Generated by org.testng.reporters.JUnitReportReporter -->
<testsuite hostname="MCS-PC" failures="0" tests="1" name="miscellaneous.Implicit" time="15.287" errors="0" timestamp="29 Jan 2019 06:51:38 GMT" skipped="0">
  <testcase classname="miscellaneous.Implicit" name="show" time="15.287"/>
</testsuite> <!-- miscellaneous.Implicit -->
