<?xml version="1.0" encoding="UTF-8"?>
<!-- Generated by org.testng.reporters.JUnitReportReporter -->
<testsuite hostname="MCS-PC" failures="0" tests="1" name="testNG.Annottations" time="0.010" errors="0" timestamp="29 Jan 2019 08:49:02 GMT" skipped="0">
  <testcase classname="testNG.Annottations" name="f" time="0.010"/>
</testsuite> <!-- testNG.Annottations -->
